[    0.000000] Initializing cgroup subsys cpuset
[    0.000000] Initializing cgroup subsys cpu
[    0.000000] Initializing cgroup subsys cpuacct
[    0.000000] Linux version 4.4.0-174-generic (buildd@lcy01-amd64-027) (gcc version 5.4.0 20160609 (Ubuntu 5.4.0-6ubuntu1~16.04.12) ) #204-Ubuntu SMP Wed Jan 29 06:41:01 UTC 2020 (Ubuntu 4.4.0-174.204-generic 4.4.211)
[    0.000000] Command line: BOOT_IMAGE=/boot/vmlinuz-4.4.0-174-generic root=LABEL=cloudimg-rootfs ro console=tty1 console=ttyS0
[    0.000000] KERNEL supported cpus:
[    0.000000]   Intel GenuineIntel
[    0.000000]   AMD AuthenticAMD
[    0.000000]   Centaur CentaurHauls
[    0.000000] x86/fpu: xstate_offset[2]:  576, xstate_sizes[2]:  256
[    0.000000] x86/fpu: Supporting XSAVE feature 0x01: 'x87 floating point registers'
[    0.000000] x86/fpu: Supporting XSAVE feature 0x02: 'SSE registers'
[    0.000000] x86/fpu: Supporting XSAVE feature 0x04: 'AVX registers'
[    0.000000] x86/fpu: Enabled xstate features 0x7, context size is 832 bytes, using 'standard' format.
[    0.000000] e820: BIOS-provided physical RAM map:
[    0.000000] BIOS-e820: [mem 0x0000000000000000-0x000000000009fbff] usable
[    0.000000] BIOS-e820: [mem 0x000000000009fc00-0x000000000009ffff] reserved
[    0.000000] BIOS-e820: [mem 0x00000000000f0000-0x00000000000fffff] reserved
[    0.000000] BIOS-e820: [mem 0x0000000000100000-0x000000003ffeffff] usable
[    0.000000] BIOS-e820: [mem 0x000000003fff0000-0x000000003fffffff] ACPI data
[    0.000000] BIOS-e820: [mem 0x00000000fec00000-0x00000000fec00fff] reserved
[    0.000000] BIOS-e820: [mem 0x00000000fee00000-0x00000000fee00fff] reserved
[    0.000000] BIOS-e820: [mem 0x00000000fffc0000-0x00000000ffffffff] reserved
[    0.000000] NX (Execute Disable) protection: active
[    0.000000] SMBIOS 2.5 present.
[    0.000000] Hypervisor detected: KVM
[    0.000000] e820: last_pfn = 0x3fff0 max_arch_pfn = 0x400000000
[    0.000000] MTRR: Disabled
[    0.000000] x86/PAT: MTRRs disabled, skipping PAT initialization too.
[    0.000000] CPU MTRRs all blank - virtualized system.
[    0.000000] x86/PAT: Configuration [0-7]: WB  WT  UC- UC  WB  WT  UC- UC  
[    0.000000] found SMP MP-table at [mem 0x0009fff0-0x0009ffff] mapped at [ffff88000009fff0]
[    0.000000] Scanning 1 areas for low memory corruption
[    0.000000] RAMDISK: [mem 0x362e2000-0x37168fff]
[    0.000000] ACPI: Early table checksum verification disabled
[    0.000000] ACPI: RSDP 0x00000000000E0000 000024 (v02 VBOX  )
[    0.000000] ACPI: XSDT 0x000000003FFF0030 00003C (v01 VBOX   VBOXXSDT 00000001 ASL  00000061)
[    0.000000] ACPI: FACP 0x000000003FFF00F0 0000F4 (v04 VBOX   VBOXFACP 00000001 ASL  00000061)
[    0.000000] ACPI: DSDT 0x000000003FFF0470 002325 (v02 VBOX   VBOXBIOS 00000002 INTL 20100528)
[    0.000000] ACPI: FACS 0x000000003FFF0200 000040
[    0.000000] ACPI: FACS 0x000000003FFF0200 000040
[    0.000000] ACPI: APIC 0x000000003FFF0240 00005C (v02 VBOX   VBOXAPIC 00000001 ASL  00000061)
[    0.000000] ACPI: SSDT 0x000000003FFF02A0 0001CC (v01 VBOX   VBOXCPUT 00000002 INTL 20100528)
[    0.000000] No NUMA configuration found
[    0.000000] Faking a node at [mem 0x0000000000000000-0x000000003ffeffff]
[    0.000000] NODE_DATA(0) allocated [mem 0x3ffeb000-0x3ffeffff]
[    0.000000] kvm-clock: Using msrs 4b564d01 and 4b564d00
[    0.000000] kvm-clock: cpu 0, msr 0:3ffe3001, primary cpu clock
[    0.000000] kvm-clock: using sched offset of 3226704414 cycles
[    0.000000] clocksource: kvm-clock: mask: 0xffffffffffffffff max_cycles: 0x1cd42e4dffb, max_idle_ns: 881590591483 ns
[    0.000000] Zone ranges:
[    0.000000]   DMA      [mem 0x0000000000001000-0x0000000000ffffff]
[    0.000000]   DMA32    [mem 0x0000000001000000-0x000000003ffeffff]
[    0.000000]   Normal   empty
[    0.000000]   Device   empty
[    0.000000] Movable zone start for each node
[    0.000000] Early memory node ranges
[    0.000000]   node   0: [mem 0x0000000000001000-0x000000000009efff]
[    0.000000]   node   0: [mem 0x0000000000100000-0x000000003ffeffff]
[    0.000000] Initmem setup node 0 [mem 0x0000000000001000-0x000000003ffeffff]
[    0.000000] ACPI: PM-Timer IO Port: 0x4008
[    0.000000] IOAPIC[0]: apic_id 2, version 32, address 0xfec00000, GSI 0-23
[    0.000000] ACPI: INT_SRC_OVR (bus 0 bus_irq 0 global_irq 2 dfl dfl)
[    0.000000] ACPI: INT_SRC_OVR (bus 0 bus_irq 9 global_irq 9 low level)
[    0.000000] Using ACPI (MADT) for SMP configuration information
[    0.000000] smpboot: Allowing 2 CPUs, 0 hotplug CPUs
[    0.000000] PM: Registered nosave memory: [mem 0x00000000-0x00000fff]
[    0.000000] PM: Registered nosave memory: [mem 0x0009f000-0x0009ffff]
[    0.000000] PM: Registered nosave memory: [mem 0x000a0000-0x000effff]
[    0.000000] PM: Registered nosave memory: [mem 0x000f0000-0x000fffff]
[    0.000000] e820: [mem 0x40000000-0xfebfffff] available for PCI devices
[    0.000000] Booting paravirtualized kernel on KVM
[    0.000000] clocksource: refined-jiffies: mask: 0xffffffff max_cycles: 0xffffffff, max_idle_ns: 7645519600211568 ns
[    0.000000] setup_percpu: NR_CPUS:512 nr_cpumask_bits:512 nr_cpu_ids:2 nr_node_ids:1
[    0.000000] PERCPU: Embedded 33 pages/cpu @ffff88003fc00000 s95448 r8192 d31528 u1048576
[    0.000000] Built 1 zonelists in Node order, mobility grouping on.  Total pages: 257912
[    0.000000] Policy zone: DMA32
[    0.000000] Kernel command line: BOOT_IMAGE=/boot/vmlinuz-4.4.0-174-generic root=LABEL=cloudimg-rootfs ro console=tty1 console=ttyS0
[    0.000000] PID hash table entries: 4096 (order: 3, 32768 bytes)
[    0.000000] Memory: 997676K/1048120K available (8626K kernel code, 1336K rwdata, 4032K rodata, 1488K init, 1292K bss, 50444K reserved, 0K cma-reserved)
[    0.000000] SLUB: HWalign=64, Order=0-3, MinObjects=0, CPUs=2, Nodes=1
[    0.000000] Kernel/User page tables isolation: enabled
[    0.000000] Hierarchical RCU implementation.
[    0.000000] 	Build-time adjustment of leaf fanout to 64.
[    0.000000] 	RCU restricting CPUs from NR_CPUS=512 to nr_cpu_ids=2.
[    0.000000] RCU: Adjusting geometry for rcu_fanout_leaf=64, nr_cpu_ids=2
[    0.000000] NR_IRQS:33024 nr_irqs:440 16
[    0.000000] Console: colour VGA+ 80x25
[    0.000000] console [tty1] enabled
[    0.000000] console [ttyS0] enabled
[    0.000000] tsc: Detected 2208.000 MHz processor
[    0.129542] Calibrating delay loop (skipped) preset value.. 4416.00 BogoMIPS (lpj=8832000)
[    0.131212] pid_max: default: 32768 minimum: 301
[    0.132139] ACPI: Core revision 20150930
[    0.133574] ACPI: 2 ACPI AML tables successfully acquired and loaded
[    0.134822] Security Framework initialized
[    0.135763] Yama: becoming mindful.
[    0.137081] AppArmor: AppArmor initialized
[    0.137998] Dentry cache hash table entries: 131072 (order: 8, 1048576 bytes)
[    0.140943] Inode-cache hash table entries: 65536 (order: 7, 524288 bytes)
[    0.142609] Mount-cache hash table entries: 2048 (order: 2, 16384 bytes)
[    0.144242] Mountpoint-cache hash table entries: 2048 (order: 2, 16384 bytes)
[    0.145654] Initializing cgroup subsys io
[    0.146465] Initializing cgroup subsys memory
[    0.147317] Initializing cgroup subsys devices
[    0.148180] Initializing cgroup subsys freezer
[    0.149073] Initializing cgroup subsys net_cls
[    0.149937] Initializing cgroup subsys perf_event
[    0.150835] Initializing cgroup subsys net_prio
[    0.151708] Initializing cgroup subsys hugetlb
[    0.152589] Initializing cgroup subsys pids
[    0.154520] mce: CPU supports 0 MCE banks
[    0.155333] Last level iTLB entries: 4KB 64, 2MB 8, 4MB 8
[    0.156345] Last level dTLB entries: 4KB 64, 2MB 0, 4MB 0, 1GB 4
[    0.157476] Spectre V1 : Mitigation: usercopy/swapgs barriers and __user pointer sanitization
[    0.159111] Spectre V2 : Mitigation: Full generic retpoline
[    0.160141] Spectre V2 : Spectre v2 / SpectreRSB mitigation: Filling RSB on context switch
[    0.161784] Speculative Store Bypass: Vulnerable
[    0.162718] MDS: Mitigation: Clear CPU buffers
[    0.165776] Freeing SMP alternatives memory: 36K
[    0.171543] ftrace: allocating 32305 entries in 127 pages
[    0.220084] smpboot: APIC(0) Converting physical 0 to logical package 0
[    0.221882] smpboot: Max logical packages: 1
[    0.223331] x2apic enabled
[    0.224087] Switched APIC routing to physical x2apic.
[    0.225969] ..TIMER: vector=0x30 apic1=0 pin1=2 apic2=-1 pin2=-1
[    0.335139] smpboot: CPU0: Intel(R) Core(TM) i7-8750H CPU @ 2.20GHz (family: 0x6, model: 0x9e, stepping: 0xa)
[    0.338331] Performance Events: unsupported p6 CPU model 158 no PMU driver, software events only.
[    0.346797] KVM setup paravirtual spinlock
[    0.348734] x86: Booting SMP configuration:
[    0.349749] .... node  #0, CPUs:      #1
[    0.351159] kvm-clock: cpu 1, msr 0:3ffe3041, secondary cpu clock
[    0.353144] mce: CPU supports 0 MCE banks
[    0.355693] x86: Booted up 1 node, 2 CPUs
[    0.357050] smpboot: Total of 2 processors activated (8832.00 BogoMIPS)
[    0.358507] devtmpfs: initialized
[    0.360546] evm: security.selinux
[    0.361274] evm: security.SMACK64
[    0.361938] evm: security.SMACK64EXEC
[    0.362654] evm: security.SMACK64TRANSMUTE
[    0.363456] evm: security.SMACK64MMAP
[    0.364209] evm: security.ima
[    0.364890] evm: security.capability
[    0.365717] clocksource: jiffies: mask: 0xffffffff max_cycles: 0xffffffff, max_idle_ns: 7645041785100000 ns
[    0.367492] futex hash table entries: 512 (order: 3, 32768 bytes)
[    0.368997] pinctrl core: initialized pinctrl subsystem
[    0.370200] RTC time:  1:04:46, date: 06/12/20
[    0.371175] NET: Registered protocol family 16
[    0.383257] cpuidle: using governor ladder
[    0.395834] cpuidle: using governor menu
[    0.397681] PCCT header not found.
[    0.398896] ACPI: bus type PCI registered
[    0.400059] acpiphp: ACPI Hot Plug PCI Controller Driver version: 0.5
[    0.402294] PCI: Using configuration type 1 for base access
[    0.416671] ACPI: Added _OSI(Module Device)
[    0.418479] ACPI: Added _OSI(Processor Device)
[    0.419958] ACPI: Added _OSI(3.0 _SCP Extensions)
[    0.421505] ACPI: Added _OSI(Processor Aggregator Device)
[    0.423491] ACPI: Executed 1 blocks of module-level executable AML code
[    0.426911] ACPI: Interpreter enabled
[    0.427830] ACPI: (supports S0 S5)
[    0.428641] ACPI: Using IOAPIC for interrupt routing
[    0.429838] PCI: Using host bridge windows from ACPI; if necessary, use "pci=nocrs" and report a bug
[    0.436313] ACPI: PCI Root Bridge [PCI0] (domain 0000 [bus 00-ff])
[    0.438168] acpi PNP0A03:00: _OSC: OS supports [ASPM ClockPM Segments MSI]
[    0.439855] acpi PNP0A03:00: _OSC: not requesting OS control; OS requires [ExtendedConfig ASPM ClockPM MSI]
[    0.442211] acpi PNP0A03:00: fail to add MMCONFIG information, can't access extended PCI configuration space under this bridge.
[    0.445209] PCI host bridge to bus 0000:00
[    0.446015] pci_bus 0000:00: root bus resource [io  0x0000-0x0cf7 window]
[    0.447185] pci_bus 0000:00: root bus resource [io  0x0d00-0xffff window]
[    0.448469] pci_bus 0000:00: root bus resource [mem 0x000a0000-0x000bffff window]
[    0.450281] pci_bus 0000:00: root bus resource [mem 0x40000000-0xfdffffff window]
[    0.451716] pci_bus 0000:00: root bus resource [bus 00-ff]
[    0.454693] pci 0000:00:01.1: legacy IDE quirk: reg 0x10: [io  0x01f0-0x01f7]
[    0.456030] pci 0000:00:01.1: legacy IDE quirk: reg 0x14: [io  0x03f6]
[    0.457624] pci 0000:00:01.1: legacy IDE quirk: reg 0x18: [io  0x0170-0x0177]
[    0.458853] pci 0000:00:01.1: legacy IDE quirk: reg 0x1c: [io  0x0376]
[    0.476202] pci 0000:00:07.0: quirk: [io  0x4000-0x403f] claimed by PIIX4 ACPI
[    0.478069] pci 0000:00:07.0: quirk: [io  0x4100-0x410f] claimed by PIIX4 SMB
[    0.482750] ACPI: PCI Interrupt Link [LNKA] (IRQs 5 9 10 *11)
[    0.484953] ACPI: PCI Interrupt Link [LNKB] (IRQs 5 9 *10 11)
[    0.487123] ACPI: PCI Interrupt Link [LNKC] (IRQs 5 *9 10 11)
[    0.488537] ACPI: PCI Interrupt Link [LNKD] (IRQs 5 9 10 *11)
[    0.489929] ACPI: Enabled 2 GPEs in block 00 to 07
[    0.491118] vgaarb: setting as boot device: PCI:0000:00:02.0
[    0.492416] vgaarb: device added: PCI:0000:00:02.0,decodes=io+mem,owns=io+mem,locks=none
[    0.494280] vgaarb: loaded
[    0.494866] vgaarb: bridge control possible 0000:00:02.0
[    0.496002] SCSI subsystem initialized
[    0.496857] ACPI: bus type USB registered
[    0.498079] usbcore: registered new interface driver usbfs
[    0.499403] usbcore: registered new interface driver hub
[    0.500463] usbcore: registered new device driver usb
[    0.501607] PCI: Using ACPI for IRQ routing
[    0.503545] NetLabel: Initializing
[    0.504565] NetLabel:  domain hash size = 128
[    0.505770] NetLabel:  protocols = UNLABELED CIPSOv4
[    0.506687] NetLabel:  unlabeled traffic allowed by default
[    0.507993] amd_nb: Cannot enumerate AMD northbridges
[    0.508942] clocksource: Switched to clocksource kvm-clock
[    0.515086] AppArmor: AppArmor Filesystem Enabled
[    0.516492] pnp: PnP ACPI init
[    0.518039] pnp: PnP ACPI: found 3 devices
[    0.527189] clocksource: acpi_pm: mask: 0xffffff max_cycles: 0xffffff, max_idle_ns: 2085701024 ns
[    0.529700] NET: Registered protocol family 2
[    0.531286] TCP established hash table entries: 8192 (order: 4, 65536 bytes)
[    0.532740] TCP bind hash table entries: 8192 (order: 5, 131072 bytes)
[    0.534076] TCP: Hash tables configured (established 8192 bind 8192)
[    0.535204] UDP hash table entries: 512 (order: 2, 16384 bytes)
[    0.536460] UDP-Lite hash table entries: 512 (order: 2, 16384 bytes)
[    0.537890] NET: Registered protocol family 1
[    0.538719] pci 0000:00:00.0: Limiting direct PCI/PCI transfers
[    0.539788] pci 0000:00:01.0: Activating ISA DMA hang workarounds
[    0.541392] Unpacking initramfs...
[    0.732008] Freeing initrd memory: 14876K
[    0.733316] clocksource: tsc: mask: 0xffffffffffffffff max_cycles: 0x1fd3b81b95f, max_idle_ns: 440795257325 ns
[    0.735673] platform rtc_cmos: registered platform RTC device (no PNP device found)
[    0.737161] Scanning for low memory corruption every 60 seconds
[    0.738625] audit: initializing netlink subsys (disabled)
[    0.739620] audit: type=2000 audit(1591923891.115:1): initialized
[    0.740896] Initialise system trusted keyring
[    0.741886] HugeTLB registered 2 MB page size, pre-allocated 0 pages
[    0.743882] zbud: loaded
[    0.744931] VFS: Disk quotas dquot_6.6.0
[    0.745945] VFS: Dquot-cache hash table entries: 512 (order 0, 4096 bytes)
[    0.747291] squashfs: version 4.0 (2009/01/31) Phillip Lougher
[    0.748519] fuse init (API version 7.23)
[    0.749413] Key type big_key registered
[    0.750162] Allocating IMA MOK and blacklist keyrings.
[    0.751989] Key type asymmetric registered
[    0.752765] Asymmetric key parser 'x509' registered
[    0.753714] Block layer SCSI generic (bsg) driver version 0.4 loaded (major 249)
[    0.755179] io scheduler noop registered
[    0.755933] io scheduler deadline registered (default)
[    0.756881] io scheduler cfq registered
[    0.757697] pci_hotplug: PCI Hot Plug PCI Core version: 0.5
[    0.758696] pciehp: PCI Express Hot Plug Controller Driver version: 0.4
[    0.760092] ACPI: AC Adapter [AC] (on-line)
[    0.761424] input: Power Button as /devices/LNXSYSTM:00/LNXPWRBN:00/input/input0
[    0.762840] ACPI: Power Button [PWRF]
[    0.763621] input: Sleep Button as /devices/LNXSYSTM:00/LNXSLPBN:00/input/input1
[    0.765100] ACPI: Sleep Button [SLPF]
[    0.765971] GHES: HEST is not enabled!
[    0.766765] ACPI: Battery Slot [BAT0] (battery present)
[    0.767805] Serial: 8250/16550 driver, 32 ports, IRQ sharing enabled
[    0.789435] 00:02: ttyS0 at I/O 0x3f8 (irq = 4, base_baud = 115200) is a 16550A
[    0.793399] Linux agpgart interface v0.103
[    0.795840] loop: module loaded
[    0.797320] scsi host0: ata_piix
[    0.798163] scsi host1: ata_piix
[    0.798834] ata1: PATA max UDMA/33 cmd 0x1f0 ctl 0x3f6 bmdma 0xd000 irq 14
[    0.800024] ata2: PATA max UDMA/33 cmd 0x170 ctl 0x376 bmdma 0xd008 irq 15
[    0.801288] libphy: Fixed MDIO Bus: probed
[    0.802524] tun: Universal TUN/TAP device driver, 1.6
[    0.803520] tun: (C) 1999-2004 Max Krasnyansky <maxk@qualcomm.com>
[    0.804676] PPP generic driver version 2.4.2
[    0.805728] ehci_hcd: USB 2.0 'Enhanced' Host Controller (EHCI) Driver
[    0.806874] ehci-pci: EHCI PCI platform driver
[    0.807713] ehci-platform: EHCI generic platform driver
[    0.808665] ohci_hcd: USB 1.1 'Open' Host Controller (OHCI) Driver
[    0.809848] ohci-pci: OHCI PCI platform driver
[    0.810854] ohci-platform: OHCI generic platform driver
[    0.811859] uhci_hcd: USB Universal Host Controller Interface driver
[    0.813004] i8042: PNP: PS/2 Controller [PNP0303:PS2K,PNP0f03:PS2M] at 0x60,0x64 irq 1,12
[    0.814952] serio: i8042 KBD port at 0x60,0x64 irq 1
[    0.815861] serio: i8042 AUX port at 0x60,0x64 irq 12
[    0.816990] mousedev: PS/2 mouse device common for all mice
[    0.818323] input: AT Translated Set 2 keyboard as /devices/platform/i8042/serio0/input/input2
[    0.820905] rtc_cmos rtc_cmos: rtc core: registered rtc_cmos as rtc0
[    0.822150] rtc_cmos rtc_cmos: alarms up to one day, 114 bytes nvram
[    0.823265] i2c /dev entries driver
[    0.823986] device-mapper: uevent: version 1.0.3
[    0.824976] device-mapper: ioctl: 4.34.0-ioctl (2015-10-28) initialised: dm-devel@redhat.com
[    0.827649] ledtrig-cpu: registered to indicate activity on CPUs
[    0.829873] NET: Registered protocol family 10
[    0.830843] NET: Registered protocol family 17
[    0.831765] Key type dns_resolver registered
[    0.832878] registered taskstats version 1
[    0.833711] Loading compiled-in X.509 certificates
[    0.835001] Loaded X.509 cert 'Build time autogenerated kernel key: 2501974cc66248a18f8fa54aaac948a5171f77fb'
[    0.836796] zswap: loaded using pool lzo/zbud
[    0.838835] Key type trusted registered
[    0.841650] Key type encrypted registered
[    0.842423] AppArmor: AppArmor sha1 policy hashing enabled
[    0.843870] ima: No TPM chip found, activating TPM-bypass!
[    0.844884] ima: Allocated hash algorithm: sha1
[    0.845806] evm: HMAC attrs: 0x1
[    0.846760]   Magic number: 8:516:53
[    0.847521] rtc_cmos rtc_cmos: setting system clock to 2020-06-12 01:04:47 UTC (1591923887)
[    0.849273] BIOS EDD facility v0.16 2004-Jun-25, 0 devices found
[    0.850369] EDD information not available.
[    0.981619] Freeing unused kernel memory: 1488K
[    0.983201] Write protecting the kernel read-only data: 14336k
[    0.984934] Freeing unused kernel memory: 1604K
[    0.986359] Freeing unused kernel memory: 64K
Loading, please wait...
starting version 229
[    0.999552] random: systemd-udevd: uninitialized urandom read (16 bytes read, 3 bits of entropy available)
[    0.999901] random: udevadm: uninitialized urandom read (16 bytes read, 3 bits of entropy available)
[    0.999918] random: udevadm: uninitialized urandom read (16 bytes read, 3 bits of entropy available)
[    1.006303] random: udevadm: uninitialized urandom read (16 bytes read, 3 bits of entropy available)
[    1.006339] random: udevadm: uninitialized urandom read (16 bytes read, 3 bits of entropy available)
[    1.006446] random: udevadm: uninitialized urandom read (16 bytes read, 3 bits of entropy available)
[    1.006497] random: udevadm: uninitialized urandom read (16 bytes read, 3 bits of entropy available)
[    1.006535] random: udevadm: uninitialized urandom read (16 bytes read, 3 bits of entropy available)
[    1.006573] random: udevadm: uninitialized urandom read (16 bytes read, 3 bits of entropy available)
[    1.006608] random: udevadm: uninitialized urandom read (16 bytes read, 3 bits of entropy available)
[    1.042230] Fusion MPT base driver 3.04.20
[    1.043578] Copyright (c) 1999-2008 LSI Corporation
[    1.044613] e1000: Intel(R) PRO/1000 Network Driver - version 7.3.21-k8-NAPI
[    1.045924] e1000: Copyright (c) 1999-2006 Intel Corporation.
[    1.048646] Fusion MPT SPI Host driver 3.04.20
[    1.063720] AVX2 version of gcm_enc/dec engaged.
[    1.064898] AES CTR mode by8 optimization enabled
[    1.272032] input: ImExPS/2 Generic Explorer Mouse as /devices/platform/i8042/serio1/input/input4
[    1.517641] e1000 0000:00:03.0 eth0: (PCI:33MHz:32-bit) 02:28:e8:e3:81:d2
[    1.519363] e1000 0000:00:03.0 eth0: Intel(R) PRO/1000 Network Connection
[    1.522093] mptbase: ioc0: Initiating bringup
[    1.523953] e1000 0000:00:03.0 enp0s3: renamed from eth0
[    2.458518] ioc0: LSI53C1030 A0: Capabilities={Initiator}
[    4.652860] scsi host2: ioc0: LSI53C1030 A0, FwRev=00000000h, Ports=1, MaxQ=256, IRQ=20
[    8.776280] scsi 2:0:0:0: Direct-Access     VBOX     HARDDISK         1.0  PQ: 0 ANSI: 5
[    8.778786] scsi target2:0:0: Beginning Domain Validation
[    8.782430] scsi target2:0:0: Domain Validation skipping write tests
[    8.784064] scsi target2:0:0: Ending Domain Validation
[    8.785648] scsi target2:0:0: asynchronous
[    8.787801] scsi 2:0:1:0: Direct-Access     VBOX     HARDDISK         1.0  PQ: 0 ANSI: 5
[    8.789887] scsi target2:0:1: Beginning Domain Validation
[    8.792747] scsi target2:0:1: Domain Validation skipping write tests
[    8.794328] scsi target2:0:1: Ending Domain Validation
[    8.795804] scsi target2:0:1: asynchronous
[    8.813871] sd 2:0:0:0: [sda] 20971520 512-byte logical blocks: (10.7 GB/10.0 GiB)
[    8.813979] sd 2:0:0:0: Attached scsi generic sg0 type 0
[    8.818274] sd 2:0:0:0: [sda] Write Protect is off
[    8.820029] sd 2:0:1:0: Attached scsi generic sg1 type 0
[    8.821924] sd 2:0:1:0: [sdb] 20480 512-byte logical blocks: (10.5 MB/10.0 MiB)
[    8.822054] sd 2:0:0:0: [sda] Incomplete mode parameter data
[    8.822056] sd 2:0:0:0: [sda] Assuming drive cache: write through
[    8.826633]  sda: sda1
[    8.827570] sd 2:0:0:0: [sda] Attached SCSI disk
[    8.831303] sd 2:0:1:0: [sdb] Write Protect is off
[    8.833041] sd 2:0:1:0: [sdb] Incomplete mode parameter data
[    8.834244] sd 2:0:1:0: [sdb] Assuming drive cache: write through
[    8.839007] sd 2:0:1:0: [sdb] Attached SCSI disk
Begin: Loading essential drivers ... [   10.167607] md: linear personality registered for level -1
[   10.172270] md: multipath personality registered for level -4
[   10.176161] md: raid0 personality registered for level 0
[   10.181732] md: raid1 personality registered for level 1
[   10.255761] raid6: sse2x1   gen() 11490 MB/s
[   10.321196] raid6: sse2x1   xor()  7833 MB/s
[   10.389206] raid6: sse2x2   gen() 11966 MB/s
[   10.461698] raid6: sse2x2   xor()  9590 MB/s
[   10.533111] raid6: sse2x4   gen() 16739 MB/s
[   10.600991] raid6: sse2x4   xor() 10122 MB/s
[   10.669055] raid6: avx2x1   gen() 19850 MB/s
[   10.737010] raid6: avx2x2   gen() 23708 MB/s
[   10.805082] raid6: avx2x4   gen() 23526 MB/s
[   10.806278] raid6: using algorithm avx2x2 gen() 23708 MB/s
[   10.807800] raid6: using avx2x2 recovery algorithm
[   10.810530] xor: automatically using best checksumming function:
[   10.849291]    avx       : 20215.000 MB/sec
[   10.851995] async_tx: api initialized (async)
[   10.871325] md: raid6 personality registered for level 6
[   10.873369] md: raid5 personality registered for level 5
[   10.874879] md: raid4 personality registered for level 4
[   10.884276] md: raid10 personality registered for level 10
done.
Begin: Running /scripts/init-premount ... done.
Begin: Mounting root file system ... Begin: Running /scripts/local-top ... done.
Begin: Running /scripts/local-premount ... [   10.920875] Btrfs loaded
Scanning for Btrfs filesystems
done.
Warning: fsck not present, so skipping root file system
[   10.946791] EXT4-fs (sda1): mounted filesystem with ordered data mode. Opts: (null)
done.
Begin: Running /scripts/local-bottom ... done.
Begin: Running /scripts/init-bottom ... done.
[   11.018185] systemd[1]: systemd 229 running in system mode. (+PAM +AUDIT +SELINUX +IMA +APPARMOR +SMACK +SYSVINIT +UTMP +LIBCRYPTSETUP +GCRYPT +GNUTLS +ACL +XZ -LZ4 +SECCOMP +BLKID +ELFUTILS +KMOD -IDN)
[   11.023927] systemd[1]: Detected virtualization oracle.
[   11.025473] systemd[1]: Detected architecture x86-64.

Welcome to [1mUbuntu 16.04.6 LTS[0m!

[   11.029766] systemd[1]: Set hostname to <ubuntu>.
[   11.033512] systemd[1]: Initializing machine ID from random generator.
[   11.035936] systemd[1]: Installed transient /etc/machine-id file.
[   11.858795] systemd[1]: Reached target User and Group Name Lookups.
[[0;32m  OK  [0m] Reached target User and Group Name Lookups.
[   11.861980] systemd[1]: Reached target System Time Synchronized.
[[0;32m  OK  [0m] Reached target System Time Synchronized.
[   11.864937] systemd[1]: Listening on Journal Socket (/dev/log).
[[0;32m  OK  [0m] Listening on Journal Socket (/dev/log).
[   11.867864] systemd[1]: Listening on Syslog Socket.
[[0;32m  OK  [0m] Listening on Syslog Socket.
[   11.870641] systemd[1]: Reached target Encrypted Volumes.
[[0;32m  OK  [0m] Reached target Encrypted Volumes.
[   11.965372] systemd[1]: Started Trigger resolvconf update for networkd DNS.
[[0;32m  OK  [0m] Started Trigger resolvconf update for networkd DNS.
[   11.968527] systemd[1]: Created slice User and Session Slice.
[[0;32m  OK  [0m] Created slice User and Session Slice.
[   11.971454] systemd[1]: Reached target Swap.
[[0;32m  OK  [0m] Reached target Swap.
[   11.973583] systemd[1]: Set up automount Arbitrary Executable File Formats File System Automount Point.
[[0;32m  OK  [0m] Set up automount Arbitrary Executab...ats File System Automount Point.
[   11.977686] systemd[1]: Created slice System Slice.
[[0;32m  OK  [0m] Created slice System Slice.
[   12.360678] systemd[1]: Created slice system-serial\x2dgetty.slice.
[[0;32m  OK  [0m] Created slice system-serial\x2dgetty.slice.
[   12.364254] systemd[1]: Reached target Slices.
[[0;32m  OK  [0m] Reached target Slices.
[   12.366860] systemd[1]: Listening on Journal Audit Socket.
[[0;32m  OK  [0m] Listening on Journal Audit Socket.
[   12.369694] systemd[1]: Listening on Journal Socket.
[[0;32m  OK  [0m] Listening on Journal Socket.
[   12.385513] systemd[1]: Starting Uncomplicated firewall...
         Starting Uncomplicated firewall...
[   12.398349] systemd[1]: Starting Set console keymap...
         Starting Set console keymap...
[   12.402172] systemd[1]: Starting Nameserver information manager...
         Starting Nameserver information manager...
[   12.407296] systemd[1]: Mounting Huge Pages File System...
         Mounting Huge Pages File System...
[   12.417771] systemd[1]: Starting Remount Root and Kernel File Systems...
         Starting Remount Root and Kernel File Systems...
[   12.422404] systemd[1]: Mounting POSIX Message Queue File System...
         Mounting POSIX Message Queue File System...
[   12.427561] systemd[1]: Starting Journal Service...
[   12.427937] EXT4-fs (sda1): re-mounted. Opts: (null)
         Starting Journal Service...
[   12.440506] systemd[1]: Starting Load Kernel Modules...
         Starting Load Kernel Modules...
[   12.445849] systemd[1]: Listening on LVM2 poll daemon socket.
[[0;32m  OK  [0m] Listening on LVM2 poll daemon socket.
[   12.453401] systemd[1]: Listening on LVM2 metadata daemon socket.
[[0;32m  OK  [0m] Listening on LVM2 metadata daemon socket.
[   12.459976] Loading iSCSI transport class v2.0-870.
[   12.467079] iscsi: registered transport (tcp)
[   12.481238] systemd[1]: Mounting Debug File System...
         Mounting Debug File System...
[   12.484005] systemd[1]: Listening on udev Control Socket.
[[0;32m  OK  [0m] Listening on udev Control Socket.
[   12.487696] systemd[1]: Listening on Device-mapper event daemon FIFOs.
[[0;32m  OK  [0m] Listening on Device-mapper event daemon FIFOs.
[   12.493188] systemd[1]: Starting Monitoring of LVM2 mirrors, snapshots etc. using dmeventd or progress polling...
         Starting Monitoring of LVM2 mirrors... dmeventd or progress polling...
[   12.500645] systemd[1]: Starting Create list of required static device nodes for the current kernel...
         Starting Create list of required st... nodes for the current kernel...
[   12.506658] systemd[1]: Listening on /dev/initctl Compatibility Named Pipe.
[[0;32m  OK  [0m] Listening on /dev/initctl Compatibility Named Pipe.
[   12.511292] iscsi: registered transport (iser)
[   12.511395] systemd[1]: Listening on udev Kernel Socket.
[[0;32m  OK  [0m] Listening on udev Kernel Socket.
[   12.516344] systemd[1]: Started Forward Password Requests to Wall Directory Watch.
[[0;32m  OK  [0m] Started Forward Password Requests to Wall Directory Watch.
[   12.534228] systemd[1]: Mounted POSIX Message Queue File System.
[[0;32m  OK  [0m] Mounted POSIX Message Queue File System.
[   12.541837] systemd[1]: Mounted Huge Pages File System.
[[0;32m  OK  [0m] Mounted Huge Pages File System.
[   12.553676] systemd[1]: Mounted Debug File System.
[[0;32m  OK  [0m] Mounted Debug File System.
[   12.556335] systemd[1]: Started Journal Service.
[[0;32m  OK  [0m] Started Journal Service.
[[0;32m  OK  [0m] Started Uncomplicated firewall.
[[0;32m  OK  [0m] Started Set console keymap.
[   12.577676] random: nonblocking pool is initialized
[[0;32m  OK  [0m] Started Remount Root and Kernel File Systems.
[[0;32m  OK  [0m] Started Load Kernel Modules.
[[0;32m  OK  [0m] Started Create list of required sta...ce nodes for the current kernel.
[[0;32m  OK  [0m] Started Nameserver information manager.
[[0;32m  OK  [0m] Started LVM2 metadata daemon.
         Starting Create Static Device Nodes in /dev...
         Starting Apply Kernel Variables...
         Mounting FUSE Control File System...
         Starting Load/Save Random Seed...
         Starting udev Coldplug all Devices...
         Starting Flush Journal to Persistent Storage...
[[0;32m  OK  [0m] Mounted FUSE Control File System.
[[0;32m  OK  [0m] Started Load/Save Random Seed.
[   12.629503] systemd-journald[387]: Received request to flush runtime journal from PID 1
[[0;32m  OK  [0m] Started Create Static Device Nodes in /dev.
         Starting udev Kernel Device Manager...
[[0;32m  OK  [0m] Started Apply Kernel Variables.
[[0;32m  OK  [0m] Started Flush Journal to Persistent Storage.
[[0;32m  OK  [0m] Started udev Kernel Device Manager.
[[0;32m  OK  [0m] Started udev Coldplug all Devices.
[[0;32m  OK  [0m] Started Dispatch Password Requests to Console Directory Watch.
[[0;32m  OK  [0m] Found device /dev/ttyS0.
[[0;32m  OK  [0m] Listening on Load/Save RF Kill Switch Status /dev/rfkill Watch.
[[0;32m  OK  [0m] Started Monitoring of LVM2 mirrors,...ng dmeventd or progress polling.
[[0;32m  OK  [0m] Reached target Local File Systems (Pre).
[[0;32m  OK  [0m] Reached target Local File Systems.
         Starting Commit a transient machine-id on disk...
         Starting LSB: AppArmor initialization...
         Starting Tell Plymouth To Write Out Runtime Data...
         Starting Create Volatile Files and Directories...
         Starting Set console font and keymap...
         Starting Initial cloud-init job (pre-networking)...
[[0;32m  OK  [0m] Started Commit a transient machine-id on disk.
[[0;32m  OK  [0m] Started Tell Plymouth To Write Out Runtime Data.
[[0;32m  OK  [0m] Started Create Volatile Files and Directories.
         Starting Update UTMP about System Boot/Shutdown...
[[0;32m  OK  [0m] Started Update UTMP about System Boot/Shutdown.
[[0;32m  OK  [0m] Started Set console font and keymap.
[[0;32m  OK  [0m] Created slice system-getty.slice.
[   14.079697] cloud-init[626]: Cloud-init v. 19.4-33-gbb4131a2-0ubuntu1~16.04.1 running 'init-local' at Fri, 12 Jun 2020 01:05:00 +0000. Up 13.74 seconds.
[[0;32m  OK  [0m] Started LSB: AppArmor initialization.
[[0;32m  OK  [0m] Started Initial cloud-init job (pre-networking).
[[0;32m  OK  [0m] Reached target Network (Pre).
         Starting Raise network interfaces...
[[0;32m  OK  [0m] Started Raise network interfaces.
[[0;32m  OK  [0m] Reached target Network.
         Starting Initial cloud-init job (metadata service crawler)...
[   14.918602] cloud-init[955]: Cloud-init v. 19.4-33-gbb4131a2-0ubuntu1~16.04.1 running 'init' at Fri, 12 Jun 2020 01:05:01 +0000. Up 14.53 seconds.
[   14.928449] cloud-init[955]: ci-info: ++++++++++++++++++++++++++++++++++++++Net device info++++++++++++++++++++++++++++++++++++++
[   14.930712] cloud-init[955]: ci-info: +--------+------+----------------------------+---------------+--------+-------------------+
[   14.932768] cloud-init[955]: ci-info: | Device |  Up  |          Address           |      Mask     | Scope  |     Hw-Address    |
[   14.935233] cloud-init[955]: ci-info: +--------+------+----------------------------+---------------+--------+-------------------+
[   14.937632] cloud-init[955]: ci-info: | enp0s3 | True |         10.0.2.15          | 255.255.255.0 | global | 02:28:e8:e3:81:d2 |
[   14.940242] cloud-init[955]: ci-info: | enp0s3 | True | fe80::28:e8ff:fee3:81d2/64 |       .       |  link  | 02:28:e8:e3:81:d2 |
[   14.943000] cloud-init[955]: ci-info: |   lo   | True |         127.0.0.1          |   255.0.0.0   |  host  |         .         |
[   14.945830] cloud-init[955]: ci-info: |   lo   | True |          ::1/128           |       .       |  host  |         .         |
[   14.947952] cloud-init[955]: ci-info: +--------+------+----------------------------+---------------+--------+-------------------+
[   14.950147] cloud-init[955]: ci-info: +++++++++++++++++++++++++++Route IPv4 info++++++++++++++++++++++++++++
[   14.951962] cloud-init[955]: ci-info: +-------+-------------+----------+---------------+-----------+-------+
[   14.961114] cloud-init[955]: ci-info: | Route | Destination | Gateway  |    Genmask    | Interface | Flags |
[   14.968648] cloud-init[955]: ci-info: +-------+-------------+----------+---------------+-----------+-------+
[   14.970546] cloud-init[955]: ci-info: |   0   |   0.0.0.0   | 10.0.2.2 |    0.0.0.0    |   enp0s3  |   UG  |
[   14.972678] cloud-init[955]: ci-info: |   1   |   10.0.2.0  | 0.0.0.0  | 255.255.255.0 |   enp0s3  |   U   |
[   14.974917] cloud-init[955]: ci-info: +-------+-------------+----------+---------------+-----------+-------+
[   14.977236] cloud-init[955]: ci-info: +++++++++++++++++++Route IPv6 info+++++++++++++++++++
[   14.979269] cloud-init[955]: ci-info: +-------+-------------+---------+-----------+-------+
[   14.981103] cloud-init[955]: ci-info: | Route | Destination | Gateway | Interface | Flags |
[   14.982396] cloud-init[955]: ci-info: +-------+-------------+---------+-----------+-------+
[   14.988789] cloud-init[955]: ci-info: |   0   |  fe80::/64  |    ::   |   enp0s3  |   U   |
[   14.996574] cloud-init[955]: ci-info: |   3   |   ff00::/8  |    ::   |   enp0s3  |   U   |
[   14.996910] cloud-init[955]: ci-info: +-------+-------------+---------+-----------+-------+
[   14.997560] cloud-init[955]: Generating public/private rsa key pair.
[   14.998232] cloud-init[955]: Your identification has been saved in /etc/ssh/ssh_host_rsa_key.
[   14.998402] cloud-init[955]: Your public key has been saved in /etc/ssh/ssh_host_rsa_key.pub.
[   14.999130] cloud-init[955]: The key fingerprint is:
[[0;32m  OK  [0m] Started Initial cloud-init job (metadata service crawler).
[   14.999624] cloud-init[955]: SHA256:GbuuVMdgP7Har3BjsvOFVr5MQ0qCnxXQJdZ8SUkc5fE root@ubuntu-xenial
[   15.006470] cloud-init[955]: The key's randomart image is:
[   15.006661] cloud-init[955]: +---[RSA 2048]----+
[   15.007367] cloud-init[955]: |        ..o+.++*.|
[   15.008101] cloud-init[955]: |         o..o =.o|
[   15.009074] cloud-init[955]: |        + o  .  E|
[   15.009285] cloud-init[955]: |       o B +     |
[   15.009613] cloud-init[955]: |      . S O o    |
[   15.010516] cloud-init[955]: |       o X B     |
[   15.011239] cloud-init[955]: |      . B O =    |
[   15.011911] cloud-init[955]: |     . ..B * o   |
[   15.012607] cloud-init[955]: |      ..ooo.+    |
[   15.013322] cloud-init[955]: +----[SHA256]-----+
[   15.013529] cloud-init[955]: Generating public/private dsa key pair.
[   15.014335] cloud-init[955]: Your identification has been saved in /etc/ssh/ssh_host_dsa_key.
[   15.015026] cloud-init[955]: Your public key has been saved in /etc/ssh/ssh_host_dsa_key.pub.
[   15.015715] cloud-init[955]: The key fingerprint is:
[   15.016892] cloud-init[955]: SHA256:5qxh3rbvzsDOoEbOUdeldbQ2hc+3GIjGD7kYu255/Lg root@ubuntu-xenial
[   15.017510] cloud-init[955]: The key's randomart image is:
[   15.018189] cloud-init[955]: +---[DSA 1024]----+
[   15.018466] cloud-init[955]: |             ....|
[   15.019124] cloud-init[955]: |            o oo |
[   15.019885] cloud-init[955]: |        ..o+..+o |
[[0;32m  OK  [0m] Reached target Network is Online.
[   15.020126] cloud-init[955]: |      ...*o. o .+|
[   15.028002] cloud-init[955]: |     . .S +   o o|
[   15.029527] cloud-init[955]: |    o  B . . . . |
[   15.030866] cloud-init[955]: |   + .+ O        |
[   15.032101] cloud-init[955]: |    ++ @.=.      |
[   15.033343] cloud-init[955]: |   .. =o*EB.     |
[   15.034561] cloud-init[955]: +----[SHA256]-----+
[   15.035759] cloud-init[955]: Generating public/private ecdsa key pair.
[   15.037306] cloud-init[955]: Your identification has been saved in /etc/ssh/ssh_host_ecdsa_key.
[   15.039301] cloud-init[955]: Your public key has been saved in /etc/ssh/ssh_host_ecdsa_key.pub.
[   15.041527] cloud-init[955]: The key fingerprint is:
[   15.048338] cloud-init[955]: SHA256:STsRYqBNFVLQ1fFnwV6NBTb6ySpf7J2Hy81SYfPfeHY root@ubuntu-xenial
[   15.048648] cloud-init[955]: The key's randomart image is:
[   15.048687] cloud-init[955]: +---[ECDSA 256]---+
[   15.048991] cloud-init[955]: |    =**oo... .=+o|
[   15.049158] cloud-init[955]: |   + o.. ... oooo|
         Starting iSCSI initiator daemon (iscsid)...
[   15.049312] cloud-init[955]: |  . .   o   o.o. |
[   15.054406] cloud-init[955]: |       . +   =.= |
[[0;32m  OK  [0m] Reached target System Initialization.
[   15.054538] cloud-init[955]: |        S     = +|
         Starting LXD - unix socket.
[   15.062648] cloud-init[955]: |         .   o  o|
[[0;32m  OK  [0m] Started Daily apt download activities.
[   15.065579] cloud-init[955]: |          . . o+o|
         Starting Socket activation for snappy daemon.[   15.068175] cloud-init[955]: |           o +++E|
[   15.069252] cloud-init[955]: |            . +**|
[   15.070542] cloud-init[955]: +----[SHA256]-----+
[   15.071543] cloud-init[955]: 
Generating public/private ed25519 key pair.
[[0;32m  OK  [0m] Started ACPI Events Check.
[[0;32m  OK  [0m] Reached target Paths.
[[0;32m  OK  [0m] Started Daily Cleanup of Temporary Directories.
[[0;32m  OK  [0m] Started Message of the Day.
[[0;32m  OK  [0m] Listening on UUID daemon activation socket.
[[0;32m  OK  [0m] Listening on ACPID Listen Socket.
[[0;32m  OK  [0m] Listening on D-Bus System Message Bus Socket.
[[0;32m  OK  [0m] Started Daily apt upgrade and clean activities.
[[0;32m  OK  [0m] Reached target Timers.
[[0;32m  OK  [0m] Reached target Cloud-config availability.
[   15.081621] cloud-init[955]: Your identification has been saved in /etc/ssh/ssh_host_ed25519_key.
[   15.084868] cloud-init[955]: Your public key has been saved in /etc/ssh/ssh_host_ed25519_key.pub.
[   15.087105] cloud-init[955]: The key fingerprint is:
[   15.088507] cloud-init[955]: SHA256:l3hehC7ZuSVc4ByXoUCw+BDmiCzg2+eW6f0gKASRF3I root@ubuntu-xenial
[   15.090559] cloud-init[955]: The key's randomart image is:
[   15.091815] cloud-init[955]: +--[ED25519 256]--+
[[0;32m  OK  [0m] Listening on LXD - unix socket.
[[0;32m  OK  [0m] Listening on Socket activation for snappy daemon.
[[0;32m  OK  [0m] Reached target Sockets.
[[0;32m  OK  [0m] Reached target Basic System.
         Starting LSB: MD monitoring daemon...
         Starting Virtualbox guest utils...
         Starting Accounts Service...
         Starting LXD - container startup/shutdown...
[[0;32m  OK  [0m] Started FUSE filesystem for LXC.
[   15.104143] cloud-init[955]: |+.E.o .oo o oo   |
         Starting Login Service...
[   15.140982] cloud-init[955]: |==.+ o . + *.    |
[   15.145085] cloud-init[955]: |++. + .   = o    |
[   15.145459] cloud-init[955]: |o o  o   * =     |
[   15.146500] cloud-init[955]: | o . .. S X o    |
[   15.147496] cloud-init[955]: |.   + o  = =     |
[   15.147608]          Starting System Logging Service...
cloud-init[955]: | . . * .  o      |
[   15.156558] cloud-init[955]: |  . o o .        |
[[0;32m  OK  [0m] Started Regular background program processing daemon.
         Starting /etc/rc.local Compatibility...
[[0;32m  OK  [0m] Started Deferred execution scheduler.
[[0;32m  OK  [0m] Started ACPI event daemon.
         Starting Snappy daemon...
[[0;32m  OK  [0m] Started D-Bus System Message Bus.
[   15.182943] cloud-init[955]: |     . ...       |
[   15.191276] cloud-init[955]: +----[SHA256]-----+
         Starting Pollinate to seed the pseudo random number generator...
         Starting LSB: Record successful boot for GRUB...
[[0;32m  OK  [0m] Started System Logging Service.
[[0;32m  OK  [0m] Started iSCSI initiator daemon (iscsid).
[[0;32m  OK  [0m] Started /etc/rc.local Compatibility.
[[0;32m  OK  [0m] Started LXD - container startup/shutdown.
[[0;32m  OK  [0m] Started Login Service.
[[0;32m  OK  [0m] Started Unattended Upgrades Shutdown.
         Starting Authenticate and Authorize Users to Run Privileged Tasks...
         Starting Login to default iSCSI targets...
[[0;32m  OK  [0m] Started LSB: MD monitoring daemon.
[[0;32m  OK  [0m] Started LSB: Record successful boot for GRUB.
[[0;32m  OK  [0m] Started Authenticate and Authorize Users to Run Privileged Tasks.
[[0;32m  OK  [0m] Started Login to default iSCSI targets.
[[0;32m  OK  [0m] Started Accounts Service.
[[0;32m  OK  [0m] Reached target Remote File Systems (Pre).
[[0;32m  OK  [0m] Reached target Remote File Systems.
         Starting LSB: Set the CPU Frequency Scaling governor to "ondemand"...
         Starting Permit User Sessions...
         Starting LSB: automatic crash report generation...
         Starting LSB: daemon to balance interrupts for SMP systems...
[[0;32m  OK  [0m] Started Virtualbox guest utils.
[[0;32m  OK  [0m] Started Permit User Sessions.
         Starting Hold until boot process finishes up...
         Starting Terminate Plymouth Boot Screen...
[[0;32m  OK  [0m] Started Hold until boot process finishes up.
         Starting Set console scheme...
[[0;32m  OK  [0m] Started Getty on tty1.
[[0;32m  OK  [0m] Started Serial Getty on ttyS0.
[[0;32m  OK  [0m] Reached target Login Prompts.
[[0;32m  OK  [0m] Started LSB: Set the CPU Frequency Scaling governor to "ondemand".
[[0;32m  OK  [0m] Started LSB: automatic crash report generation.
[[0;32m  OK  [0m] Started Terminate Plymouth Boot Screen.
[[0;32m  OK  [0m] Started LSB: daemon to balance interrupts for SMP systems.
[[0;32m  OK  [0m] Started Set console scheme.
[[0;32m  OK  [0m] Started Snappy daemon.
         Starting Wait until snapd is fully seeded...
[[0;32m  OK  [0m] Started Pollinate to seed the pseudo random number generator.
         Starting OpenBSD Secure Shell server...
[[0;32m  OK  [0m] Started OpenBSD Secure Shell server.
[[0;32m  OK  [0m] Started Wait until snapd is fully seeded.
         Starting Apply the settings specified in cloud-config...
[[0;32m  OK  [0m] Reached target Multi-User System.
[[0;32m  OK  [0m] Reached target Graphical Interface.
         Starting Update UTMP about System Runlevel Changes...
[[0;32m  OK  [0m] Started Update UTMP about System Runlevel Changes.
[   17.048940] cloud-init[1306]: Generating locales (this might take a while)...
[   17.685589] cloud-init[1306]:   en_US.UTF-8... done
[   17.696593] cloud-init[1306]: Generation complete.
[   18.033322] cloud-init[1306]: Cloud-init v. 19.4-33-gbb4131a2-0ubuntu1~16.04.1 running 'modules:config' at Fri, 12 Jun 2020 01:05:03 +0000. Up 16.98 seconds.
[[0;32m  OK  [0m] Started Apply the settings specified in cloud-config.
         Starting Execute cloud user/final scripts...
ci-info: no authorized SSH keys fingerprints found for user ubuntu.
<14>Jun 12 01:05:05 ec2: 
<14>Jun 12 01:05:05 ec2: #############################################################
<14>Jun 12 01:05:05 ec2: -----BEGIN SSH HOST KEY FINGERPRINTS-----
<14>Jun 12 01:05:05 ec2: 1024 SHA256:5qxh3rbvzsDOoEbOUdeldbQ2hc+3GIjGD7kYu255/Lg root@ubuntu-xenial (DSA)
<14>Jun 12 01:05:05 ec2: 256 SHA256:STsRYqBNFVLQ1fFnwV6NBTb6ySpf7J2Hy81SYfPfeHY root@ubuntu-xenial (ECDSA)
<14>Jun 12 01:05:05 ec2: 256 SHA256:l3hehC7ZuSVc4ByXoUCw+BDmiCzg2+eW6f0gKASRF3I root@ubuntu-xenial (ED25519)
<14>Jun 12 01:05:05 ec2: 2048 SHA256:GbuuVMdgP7Har3BjsvOFVr5MQ0qCnxXQJdZ8SUkc5fE root@ubuntu-xenial (RSA)
<14>Jun 12 01:05:05 ec2: -----END SSH HOST KEY FINGERPRINTS-----
<14>Jun 12 01:05:05 ec2: #############################################################
-----BEGIN SSH HOST KEY KEYS-----
ecdsa-sha2-nistp256 AAAAE2VjZHNhLXNoYTItbmlzdHAyNTYAAAAIbmlzdHAyNTYAAABBBJ+cldjycZlSO9IOk31mcG7msZKnjt34cuz0Z5B6aSar8Z2I+3ofen7OuoQW/2c1eJX0DjAm5le12T1ZiyOcT2c= root@ubuntu-xenial
ssh-ed25519 AAAAC3NzaC1lZDI1NTE5AAAAIG9eRnrsN2bM1iIctEjtX+VzhHwr0LCjE2KS7+xg+PWl root@ubuntu-xenial
ssh-rsa AAAAB3NzaC1yc2EAAAADAQABAAABAQDIAD0BU7fmYowTEbkZpwU58foijlLzgsL3EEj2K4n3DavtllHsokPeJO/emfh+z9ZkDFTB9I4hOye5B9Zv0CFLMzo2bM7cpJixdFXmFkH3K6gyAoDBvh0DUfHHMG9zb3srKh8weRktyQ/kRXGXXAa+SnDOzMX4KB/zqd7Wq1W95VSKDXdgFp8gpR6dc7e5D6gGwWj0+286gPAYtsjTWtDDmKzN+zHAkQ/+vwG5PiEuSo+JXQh0niDI6EUUpPAaTTYcLGM1L0Hhrrmb1MwOk/NxqYfJgevc4A3WiV5Vo/ZI9lbTJ88OfZ8FV3Ejd18H/6sY9WF4I8txYV6AD3lhCKpr root@ubuntu-xenial
-----END SSH HOST KEY KEYS-----
[   18.472329] cloud-init[1347]: Cloud-init v. 19.4-33-gbb4131a2-0ubuntu1~16.04.1 running 'modules:final' at Fri, 12 Jun 2020 01:05:05 +0000. Up 18.35 seconds.
[   18.473830] cloud-init[1347]: ci-info: no authorized SSH keys fingerprints found for user ubuntu.
[   18.475561] cloud-init[1347]: Cloud-init v. 19.4-33-gbb4131a2-0ubuntu1~16.04.1 finished at Fri, 12 Jun 2020 01:05:05 +0000. Datasource DataSourceNoCloud [seed=/dev/sdb][dsmode=net].  Up 18.46 seconds
[[0;32m  OK  [0m] Started Execute cloud user/final scripts.
[[0;32m  OK  [0m] Reached target Cloud-init target.

Ubuntu 16.04.6 LTS ubuntu-xenial ttyS0

ubuntu-xenial login: 